<?xml version="1.0" encoding="UTF-8"?>
<!-- Generated by org.testng.reporters.JUnitXMLReporter -->
<testsuite hostname="ASUSwi71270oLED" name="Ebay" tests="3" failures="0" timestamp="8 Apr 2023 20:49:19 GMT" time="50.42" errors="0">
  <testcase name="feature" time="8.388" classname="upskill.runners.RunnerClass"/>
  <testcase name="feature" time="22.49" classname="upskill.runners.RunnerClass"/>
  <testcase name="feature" time="19.164" classname="upskill.runners.RunnerClass"/>
</testsuite> <!-- Ebay -->
